[2025-07-22 14:47:48] === 실시간 그림 저장 요청 시작 ===
[2025-07-22 14:47:48] Raw input length: 6089
[2025-07-22 14:47:48] 입력 데이터: player_number=1, game_id=5, drawing_data_length=6038
[2025-07-22 14:47:48] 입력 검증 완료
[2025-07-22 14:47:48] 게임 존재 확인 쿼리 실행: game_id=5, result=1
[2025-07-22 14:47:48] 게임 상태 확인 완료: game_id=5
[2025-07-22 14:47:48] INSERT 쿼리 실행: result=true
[2025-07-22 14:47:48] 데이터베이스 저장 성공: inserted_id=1
[2025-07-22 14:47:48] 응답 준비 완료: {"success":true,"message":"\uc2e4\uc2dc\uac04 \uadf8\ub9bc \uc800\uc7a5 \uc644\ub8cc","data":{"id":"1","game_id":"5","player_number":1,"timestamp":"2025-07-22 14:47:48"}}
[2025-07-22 14:47:48] === 실시간 그림 저장 요청 종료 ===

[2025-07-22 14:47:48] === 실시간 그림 저장 요청 시작 ===
[2025-07-22 14:47:48] Raw input length: 9641
[2025-07-22 14:47:48] 입력 데이터: player_number=1, game_id=5, drawing_data_length=9590
[2025-07-22 14:47:48] 입력 검증 완료
[2025-07-22 14:47:48] 게임 존재 확인 쿼리 실행: game_id=5, result=1
[2025-07-22 14:47:48] 게임 상태 확인 완료: game_id=5
[2025-07-22 14:47:48] INSERT 쿼리 실행: result=true
[2025-07-22 14:47:48] 데이터베이스 저장 성공: inserted_id=2
[2025-07-22 14:47:48] 응답 준비 완료: {"success":true,"message":"\uc2e4\uc2dc\uac04 \uadf8\ub9bc \uc800\uc7a5 \uc644\ub8cc","data":{"id":"2","game_id":"5","player_number":1,"timestamp":"2025-07-22 14:47:48"}}
[2025-07-22 14:47:48] === 실시간 그림 저장 요청 종료 ===

[2025-07-22 14:47:49] === 실시간 그림 저장 요청 시작 ===
[2025-07-22 14:47:49] Raw input length: 11473
[2025-07-22 14:47:49] 입력 데이터: player_number=1, game_id=5, drawing_data_length=11422
[2025-07-22 14:47:49] 입력 검증 완료
[2025-07-22 14:47:49] 게임 존재 확인 쿼리 실행: game_id=5, result=1
[2025-07-22 14:47:49] 게임 상태 확인 완료: game_id=5
[2025-07-22 14:47:49] INSERT 쿼리 실행: result=true
[2025-07-22 14:47:49] 데이터베이스 저장 성공: inserted_id=3
[2025-07-22 14:47:49] 응답 준비 완료: {"success":true,"message":"\uc2e4\uc2dc\uac04 \uadf8\ub9bc \uc800\uc7a5 \uc644\ub8cc","data":{"id":"3","game_id":"5","player_number":1,"timestamp":"2025-07-22 14:47:49"}}
[2025-07-22 14:47:49] === 실시간 그림 저장 요청 종료 ===

[2025-07-22 14:47:50] === 실시간 그림 저장 요청 시작 ===
[2025-07-22 14:47:50] Raw input length: 13689
[2025-07-22 14:47:50] 입력 데이터: player_number=1, game_id=5, drawing_data_length=13638
[2025-07-22 14:47:50] 입력 검증 완료
[2025-07-22 14:47:50] 게임 존재 확인 쿼리 실행: game_id=5, result=1
[2025-07-22 14:47:50] 게임 상태 확인 완료: game_id=5
[2025-07-22 14:47:50] INSERT 쿼리 실행: result=true
[2025-07-22 14:47:50] 데이터베이스 저장 성공: inserted_id=4
[2025-07-22 14:47:50] 응답 준비 완료: {"success":true,"message":"\uc2e4\uc2dc\uac04 \uadf8\ub9bc \uc800\uc7a5 \uc644\ub8cc","data":{"id":"4","game_id":"5","player_number":1,"timestamp":"2025-07-22 14:47:50"}}
[2025-07-22 14:47:50] === 실시간 그림 저장 요청 종료 ===

[2025-07-22 14:47:50] === 실시간 그림 저장 요청 시작 ===
[2025-07-22 14:47:50] Raw input length: 15501
[2025-07-22 14:47:50] 입력 데이터: player_number=1, game_id=5, drawing_data_length=15450
[2025-07-22 14:47:50] 입력 검증 완료
[2025-07-22 14:47:50] 게임 존재 확인 쿼리 실행: game_id=5, result=1
[2025-07-22 14:47:50] 게임 상태 확인 완료: game_id=5
[2025-07-22 14:47:50] INSERT 쿼리 실행: result=true
[2025-07-22 14:47:50] 데이터베이스 저장 성공: inserted_id=5
[2025-07-22 14:47:50] 응답 준비 완료: {"success":true,"message":"\uc2e4\uc2dc\uac04 \uadf8\ub9bc \uc800\uc7a5 \uc644\ub8cc","data":{"id":"5","game_id":"5","player_number":1,"timestamp":"2025-07-22 14:47:50"}}
[2025-07-22 14:47:50] === 실시간 그림 저장 요청 종료 ===

[2025-07-22 15:56:53] === 실시간 그림 저장 요청 시작 ===
[2025-07-22 15:56:53] Raw input length: 7221
[2025-07-22 15:56:53] 입력 데이터: player_number=1, game_id=1, drawing_data_length=7170
[2025-07-22 15:56:53] 입력 검증 완료
[2025-07-22 15:56:53] 게임 존재 확인 쿼리 실행: game_id=1, result=1
[2025-07-22 15:56:53] 게임 상태 확인 완료: game_id=1
[2025-07-22 15:56:53] INSERT 쿼리 실행: result=true
[2025-07-22 15:56:53] 데이터베이스 저장 성공: inserted_id=1
[2025-07-22 15:56:53] 응답 준비 완료: {"success":true,"message":"\uc2e4\uc2dc\uac04 \uadf8\ub9bc \uc800\uc7a5 \uc644\ub8cc","data":{"id":"1","game_id":"1","player_number":1,"timestamp":"2025-07-22 15:56:53"}}
[2025-07-22 15:56:53] === 실시간 그림 저장 요청 종료 ===

[2025-07-22 15:56:53] === 실시간 그림 저장 요청 시작 ===
[2025-07-22 15:56:53] Raw input length: 8885
[2025-07-22 15:56:53] 입력 데이터: player_number=1, game_id=1, drawing_data_length=8834
[2025-07-22 15:56:53] 입력 검증 완료
[2025-07-22 15:56:53] 게임 존재 확인 쿼리 실행: game_id=1, result=1
[2025-07-22 15:56:53] 게임 상태 확인 완료: game_id=1
[2025-07-22 15:56:53] INSERT 쿼리 실행: result=true
[2025-07-22 15:56:53] 데이터베이스 저장 성공: inserted_id=2
[2025-07-22 15:56:53] 응답 준비 완료: {"success":true,"message":"\uc2e4\uc2dc\uac04 \uadf8\ub9bc \uc800\uc7a5 \uc644\ub8cc","data":{"id":"2","game_id":"1","player_number":1,"timestamp":"2025-07-22 15:56:53"}}
[2025-07-22 15:56:53] === 실시간 그림 저장 요청 종료 ===

[2025-07-22 15:56:54] === 실시간 그림 저장 요청 시작 ===
[2025-07-22 15:56:54] Raw input length: 8961
[2025-07-22 15:56:54] 입력 데이터: player_number=1, game_id=1, drawing_data_length=8910
[2025-07-22 15:56:54] 입력 검증 완료
[2025-07-22 15:56:54] 게임 존재 확인 쿼리 실행: game_id=1, result=1
[2025-07-22 15:56:54] 게임 상태 확인 완료: game_id=1
[2025-07-22 15:56:54] INSERT 쿼리 실행: result=true
[2025-07-22 15:56:54] 데이터베이스 저장 성공: inserted_id=3
[2025-07-22 15:56:54] 응답 준비 완료: {"success":true,"message":"\uc2e4\uc2dc\uac04 \uadf8\ub9bc \uc800\uc7a5 \uc644\ub8cc","data":{"id":"3","game_id":"1","player_number":1,"timestamp":"2025-07-22 15:56:54"}}
[2025-07-22 15:56:54] === 실시간 그림 저장 요청 종료 ===

[2025-07-22 15:56:55] === 실시간 그림 저장 요청 시작 ===
[2025-07-22 15:56:55] Raw input length: 9745
[2025-07-22 15:56:55] 입력 데이터: player_number=1, game_id=1, drawing_data_length=9694
[2025-07-22 15:56:55] 입력 검증 완료
[2025-07-22 15:56:55] 게임 존재 확인 쿼리 실행: game_id=1, result=1
[2025-07-22 15:56:55] 게임 상태 확인 완료: game_id=1
[2025-07-22 15:56:55] INSERT 쿼리 실행: result=true
[2025-07-22 15:56:55] 데이터베이스 저장 성공: inserted_id=4
[2025-07-22 15:56:55] 응답 준비 완료: {"success":true,"message":"\uc2e4\uc2dc\uac04 \uadf8\ub9bc \uc800\uc7a5 \uc644\ub8cc","data":{"id":"4","game_id":"1","player_number":1,"timestamp":"2025-07-22 15:56:55"}}
[2025-07-22 15:56:55] === 실시간 그림 저장 요청 종료 ===

[2025-07-22 15:56:55] === 실시간 그림 저장 요청 시작 ===
[2025-07-22 15:56:55] Raw input length: 12105
[2025-07-22 15:56:55] 입력 데이터: player_number=1, game_id=1, drawing_data_length=12054
[2025-07-22 15:56:55] 입력 검증 완료
[2025-07-22 15:56:55] 게임 존재 확인 쿼리 실행: game_id=1, result=1
[2025-07-22 15:56:55] 게임 상태 확인 완료: game_id=1
[2025-07-22 15:56:55] INSERT 쿼리 실행: result=true
[2025-07-22 15:56:55] 데이터베이스 저장 성공: inserted_id=5
[2025-07-22 15:56:55] 응답 준비 완료: {"success":true,"message":"\uc2e4\uc2dc\uac04 \uadf8\ub9bc \uc800\uc7a5 \uc644\ub8cc","data":{"id":"5","game_id":"1","player_number":1,"timestamp":"2025-07-22 15:56:55"}}
[2025-07-22 15:56:55] === 실시간 그림 저장 요청 종료 ===

[2025-07-22 15:56:56] === 실시간 그림 저장 요청 시작 ===
[2025-07-22 15:56:56] Raw input length: 13033
[2025-07-22 15:56:56] 입력 데이터: player_number=1, game_id=1, drawing_data_length=12982
[2025-07-22 15:56:56] 입력 검증 완료
[2025-07-22 15:56:56] 게임 존재 확인 쿼리 실행: game_id=1, result=1
[2025-07-22 15:56:56] 게임 상태 확인 완료: game_id=1
[2025-07-22 15:56:56] INSERT 쿼리 실행: result=true
[2025-07-22 15:56:56] 데이터베이스 저장 성공: inserted_id=6
[2025-07-22 15:56:56] 응답 준비 완료: {"success":true,"message":"\uc2e4\uc2dc\uac04 \uadf8\ub9bc \uc800\uc7a5 \uc644\ub8cc","data":{"id":"6","game_id":"1","player_number":1,"timestamp":"2025-07-22 15:56:56"}}
[2025-07-22 15:56:56] === 실시간 그림 저장 요청 종료 ===

[2025-07-22 15:56:58] === 실시간 그림 저장 요청 시작 ===
[2025-07-22 15:56:58] Raw input length: 13513
[2025-07-22 15:56:58] 입력 데이터: player_number=1, game_id=1, drawing_data_length=13462
[2025-07-22 15:56:58] 입력 검증 완료
[2025-07-22 15:56:58] 게임 존재 확인 쿼리 실행: game_id=1, result=1
[2025-07-22 15:56:58] 게임 상태 확인 완료: game_id=1
[2025-07-22 15:56:58] INSERT 쿼리 실행: result=true
[2025-07-22 15:56:58] 데이터베이스 저장 성공: inserted_id=7
[2025-07-22 15:56:58] 응답 준비 완료: {"success":true,"message":"\uc2e4\uc2dc\uac04 \uadf8\ub9bc \uc800\uc7a5 \uc644\ub8cc","data":{"id":"7","game_id":"1","player_number":1,"timestamp":"2025-07-22 15:56:58"}}
[2025-07-22 15:56:58] === 실시간 그림 저장 요청 종료 ===

[2025-07-22 15:56:58] === 실시간 그림 저장 요청 시작 ===
[2025-07-22 15:56:58] Raw input length: 13897
[2025-07-22 15:56:58] 입력 데이터: player_number=1, game_id=1, drawing_data_length=13846
[2025-07-22 15:56:58] 입력 검증 완료
[2025-07-22 15:56:58] 게임 존재 확인 쿼리 실행: game_id=1, result=1
[2025-07-22 15:56:58] 게임 상태 확인 완료: game_id=1
[2025-07-22 15:56:58] INSERT 쿼리 실행: result=true
[2025-07-22 15:56:58] 데이터베이스 저장 성공: inserted_id=8
[2025-07-22 15:56:58] 응답 준비 완료: {"success":true,"message":"\uc2e4\uc2dc\uac04 \uadf8\ub9bc \uc800\uc7a5 \uc644\ub8cc","data":{"id":"8","game_id":"1","player_number":1,"timestamp":"2025-07-22 15:56:58"}}
[2025-07-22 15:56:58] === 실시간 그림 저장 요청 종료 ===

[2025-07-22 15:56:59] === 실시간 그림 저장 요청 시작 ===
[2025-07-22 15:56:59] Raw input length: 14429
[2025-07-22 15:56:59] 입력 데이터: player_number=1, game_id=1, drawing_data_length=14378
[2025-07-22 15:56:59] 입력 검증 완료
[2025-07-22 15:56:59] 게임 존재 확인 쿼리 실행: game_id=1, result=1
[2025-07-22 15:56:59] 게임 상태 확인 완료: game_id=1
[2025-07-22 15:56:59] INSERT 쿼리 실행: result=true
[2025-07-22 15:56:59] 데이터베이스 저장 성공: inserted_id=9
[2025-07-22 15:56:59] 응답 준비 완료: {"success":true,"message":"\uc2e4\uc2dc\uac04 \uadf8\ub9bc \uc800\uc7a5 \uc644\ub8cc","data":{"id":"9","game_id":"1","player_number":1,"timestamp":"2025-07-22 15:56:59"}}
[2025-07-22 15:56:59] === 실시간 그림 저장 요청 종료 ===

[2025-07-22 15:56:59] === 실시간 그림 저장 요청 시작 ===
[2025-07-22 15:56:59] Raw input length: 14941
[2025-07-22 15:56:59] 입력 데이터: player_number=1, game_id=1, drawing_data_length=14890
[2025-07-22 15:56:59] 입력 검증 완료
[2025-07-22 15:56:59] 게임 존재 확인 쿼리 실행: game_id=1, result=1
[2025-07-22 15:56:59] 게임 상태 확인 완료: game_id=1
[2025-07-22 15:56:59] INSERT 쿼리 실행: result=true
[2025-07-22 15:56:59] 데이터베이스 저장 성공: inserted_id=10
[2025-07-22 15:56:59] 응답 준비 완료: {"success":true,"message":"\uc2e4\uc2dc\uac04 \uadf8\ub9bc \uc800\uc7a5 \uc644\ub8cc","data":{"id":"10","game_id":"1","player_number":1,"timestamp":"2025-07-22 15:56:59"}}
[2025-07-22 15:56:59] === 실시간 그림 저장 요청 종료 ===

[2025-07-22 15:57:00] === 실시간 그림 저장 요청 시작 ===
[2025-07-22 15:57:00] Raw input length: 15069
[2025-07-22 15:57:00] 입력 데이터: player_number=1, game_id=1, drawing_data_length=15018
[2025-07-22 15:57:00] 입력 검증 완료
[2025-07-22 15:57:00] 게임 존재 확인 쿼리 실행: game_id=1, result=1
[2025-07-22 15:57:00] 게임 상태 확인 완료: game_id=1
[2025-07-22 15:57:00] INSERT 쿼리 실행: result=true
[2025-07-22 15:57:00] 데이터베이스 저장 성공: inserted_id=11
[2025-07-22 15:57:00] 응답 준비 완료: {"success":true,"message":"\uc2e4\uc2dc\uac04 \uadf8\ub9bc \uc800\uc7a5 \uc644\ub8cc","data":{"id":"11","game_id":"1","player_number":1,"timestamp":"2025-07-22 15:57:00"}}
[2025-07-22 15:57:00] === 실시간 그림 저장 요청 종료 ===

[2025-07-22 15:57:00] === 실시간 그림 저장 요청 시작 ===
[2025-07-22 15:57:00] Raw input length: 15425
[2025-07-22 15:57:00] 입력 데이터: player_number=1, game_id=1, drawing_data_length=15374
[2025-07-22 15:57:00] 입력 검증 완료
[2025-07-22 15:57:00] 게임 존재 확인 쿼리 실행: game_id=1, result=1
[2025-07-22 15:57:00] 게임 상태 확인 완료: game_id=1
[2025-07-22 15:57:00] INSERT 쿼리 실행: result=true
[2025-07-22 15:57:00] 데이터베이스 저장 성공: inserted_id=12
[2025-07-22 15:57:00] 응답 준비 완료: {"success":true,"message":"\uc2e4\uc2dc\uac04 \uadf8\ub9bc \uc800\uc7a5 \uc644\ub8cc","data":{"id":"12","game_id":"1","player_number":1,"timestamp":"2025-07-22 15:57:00"}}
[2025-07-22 15:57:00] === 실시간 그림 저장 요청 종료 ===

[2025-07-22 16:00:54] === 실시간 그림 저장 요청 시작 ===
[2025-07-22 16:00:54] Raw input length: 7165
[2025-07-22 16:00:54] 입력 데이터: player_number=1, game_id=2, drawing_data_length=7114
[2025-07-22 16:00:54] 입력 검증 완료
[2025-07-22 16:00:54] 게임 존재 확인 쿼리 실행: game_id=2, result=1
[2025-07-22 16:00:54] 게임 상태 확인 완료: game_id=2
[2025-07-22 16:00:54] INSERT 쿼리 실행: result=true
[2025-07-22 16:00:54] 데이터베이스 저장 성공: inserted_id=13
[2025-07-22 16:00:54] 응답 준비 완료: {"success":true,"message":"\uc2e4\uc2dc\uac04 \uadf8\ub9bc \uc800\uc7a5 \uc644\ub8cc","data":{"id":"13","game_id":"2","player_number":1,"timestamp":"2025-07-22 16:00:54"}}
[2025-07-22 16:00:54] === 실시간 그림 저장 요청 종료 ===

[2025-07-22 16:00:54] === 실시간 그림 저장 요청 시작 ===
[2025-07-22 16:00:54] Raw input length: 9377
[2025-07-22 16:00:54] 입력 데이터: player_number=1, game_id=2, drawing_data_length=9326
[2025-07-22 16:00:54] 입력 검증 완료
[2025-07-22 16:00:54] 게임 존재 확인 쿼리 실행: game_id=2, result=1
[2025-07-22 16:00:54] 게임 상태 확인 완료: game_id=2
[2025-07-22 16:00:54] INSERT 쿼리 실행: result=true
[2025-07-22 16:00:54] 데이터베이스 저장 성공: inserted_id=14
[2025-07-22 16:00:54] 응답 준비 완료: {"success":true,"message":"\uc2e4\uc2dc\uac04 \uadf8\ub9bc \uc800\uc7a5 \uc644\ub8cc","data":{"id":"14","game_id":"2","player_number":1,"timestamp":"2025-07-22 16:00:54"}}
[2025-07-22 16:00:54] === 실시간 그림 저장 요청 종료 ===

[2025-07-22 16:00:55] === 실시간 그림 저장 요청 시작 ===
[2025-07-22 16:00:55] Raw input length: 9625
[2025-07-22 16:00:55] 입력 데이터: player_number=1, game_id=2, drawing_data_length=9574
[2025-07-22 16:00:55] 입력 검증 완료
[2025-07-22 16:00:55] 게임 존재 확인 쿼리 실행: game_id=2, result=1
[2025-07-22 16:00:55] 게임 상태 확인 완료: game_id=2
[2025-07-22 16:00:55] INSERT 쿼리 실행: result=true
[2025-07-22 16:00:55] 데이터베이스 저장 성공: inserted_id=15
[2025-07-22 16:00:55] 응답 준비 완료: {"success":true,"message":"\uc2e4\uc2dc\uac04 \uadf8\ub9bc \uc800\uc7a5 \uc644\ub8cc","data":{"id":"15","game_id":"2","player_number":1,"timestamp":"2025-07-22 16:00:55"}}
[2025-07-22 16:00:55] === 실시간 그림 저장 요청 종료 ===

[2025-07-22 16:00:55] === 실시간 그림 저장 요청 시작 ===
[2025-07-22 16:00:55] Raw input length: 10825
[2025-07-22 16:00:55] 입력 데이터: player_number=1, game_id=2, drawing_data_length=10774
[2025-07-22 16:00:55] 입력 검증 완료
[2025-07-22 16:00:55] 게임 존재 확인 쿼리 실행: game_id=2, result=1
[2025-07-22 16:00:55] 게임 상태 확인 완료: game_id=2
[2025-07-22 16:00:55] INSERT 쿼리 실행: result=true
[2025-07-22 16:00:55] 데이터베이스 저장 성공: inserted_id=16
[2025-07-22 16:00:55] 응답 준비 완료: {"success":true,"message":"\uc2e4\uc2dc\uac04 \uadf8\ub9bc \uc800\uc7a5 \uc644\ub8cc","data":{"id":"16","game_id":"2","player_number":1,"timestamp":"2025-07-22 16:00:55"}}
[2025-07-22 16:00:55] === 실시간 그림 저장 요청 종료 ===

[2025-07-22 16:00:56] === 실시간 그림 저장 요청 시작 ===
[2025-07-22 16:00:56] Raw input length: 13533
[2025-07-22 16:00:56] 입력 데이터: player_number=1, game_id=2, drawing_data_length=13482
[2025-07-22 16:00:56] 입력 검증 완료
[2025-07-22 16:00:56] 게임 존재 확인 쿼리 실행: game_id=2, result=1
[2025-07-22 16:00:56] 게임 상태 확인 완료: game_id=2
[2025-07-22 16:00:56] INSERT 쿼리 실행: result=true
[2025-07-22 16:00:56] 데이터베이스 저장 성공: inserted_id=17
[2025-07-22 16:00:56] 응답 준비 완료: {"success":true,"message":"\uc2e4\uc2dc\uac04 \uadf8\ub9bc \uc800\uc7a5 \uc644\ub8cc","data":{"id":"17","game_id":"2","player_number":1,"timestamp":"2025-07-22 16:00:56"}}
[2025-07-22 16:00:56] === 실시간 그림 저장 요청 종료 ===

[2025-07-22 16:00:56] === 실시간 그림 저장 요청 시작 ===
[2025-07-22 16:00:56] Raw input length: 14061
[2025-07-22 16:00:56] 입력 데이터: player_number=1, game_id=2, drawing_data_length=14010
[2025-07-22 16:00:56] 입력 검증 완료
[2025-07-22 16:00:56] 게임 존재 확인 쿼리 실행: game_id=2, result=1
[2025-07-22 16:00:56] 게임 상태 확인 완료: game_id=2
[2025-07-22 16:00:56] INSERT 쿼리 실행: result=true
[2025-07-22 16:00:56] 데이터베이스 저장 성공: inserted_id=18
[2025-07-22 16:00:56] 응답 준비 완료: {"success":true,"message":"\uc2e4\uc2dc\uac04 \uadf8\ub9bc \uc800\uc7a5 \uc644\ub8cc","data":{"id":"18","game_id":"2","player_number":1,"timestamp":"2025-07-22 16:00:56"}}
[2025-07-22 16:00:56] === 실시간 그림 저장 요청 종료 ===

[2025-07-22 16:00:57] === 실시간 그림 저장 요청 시작 ===
[2025-07-22 16:00:57] Raw input length: 15205
[2025-07-22 16:00:57] 입력 데이터: player_number=1, game_id=2, drawing_data_length=15154
[2025-07-22 16:00:57] 입력 검증 완료
[2025-07-22 16:00:57] 게임 존재 확인 쿼리 실행: game_id=2, result=1
[2025-07-22 16:00:57] 게임 상태 확인 완료: game_id=2
[2025-07-22 16:00:57] INSERT 쿼리 실행: result=true
[2025-07-22 16:00:57] 데이터베이스 저장 성공: inserted_id=19
[2025-07-22 16:00:57] 응답 준비 완료: {"success":true,"message":"\uc2e4\uc2dc\uac04 \uadf8\ub9bc \uc800\uc7a5 \uc644\ub8cc","data":{"id":"19","game_id":"2","player_number":1,"timestamp":"2025-07-22 16:00:57"}}
[2025-07-22 16:00:57] === 실시간 그림 저장 요청 종료 ===

[2025-07-22 16:00:57] === 실시간 그림 저장 요청 시작 ===
[2025-07-22 16:00:57] Raw input length: 15473
[2025-07-22 16:00:57] 입력 데이터: player_number=1, game_id=2, drawing_data_length=15422
[2025-07-22 16:00:57] 입력 검증 완료
[2025-07-22 16:00:57] 게임 존재 확인 쿼리 실행: game_id=2, result=1
[2025-07-22 16:00:57] 게임 상태 확인 완료: game_id=2
[2025-07-22 16:00:57] INSERT 쿼리 실행: result=true
[2025-07-22 16:00:57] 데이터베이스 저장 성공: inserted_id=20
[2025-07-22 16:00:57] 응답 준비 완료: {"success":true,"message":"\uc2e4\uc2dc\uac04 \uadf8\ub9bc \uc800\uc7a5 \uc644\ub8cc","data":{"id":"20","game_id":"2","player_number":1,"timestamp":"2025-07-22 16:00:57"}}
[2025-07-22 16:00:57] === 실시간 그림 저장 요청 종료 ===

[2025-07-22 16:00:58] === 실시간 그림 저장 요청 시작 ===
[2025-07-22 16:00:58] Raw input length: 16157
[2025-07-22 16:00:58] 입력 데이터: player_number=1, game_id=2, drawing_data_length=16106
[2025-07-22 16:00:58] 입력 검증 완료
[2025-07-22 16:00:58] 게임 존재 확인 쿼리 실행: game_id=2, result=1
[2025-07-22 16:00:58] 게임 상태 확인 완료: game_id=2
[2025-07-22 16:00:58] INSERT 쿼리 실행: result=true
[2025-07-22 16:00:58] 데이터베이스 저장 성공: inserted_id=21
[2025-07-22 16:00:58] 응답 준비 완료: {"success":true,"message":"\uc2e4\uc2dc\uac04 \uadf8\ub9bc \uc800\uc7a5 \uc644\ub8cc","data":{"id":"21","game_id":"2","player_number":1,"timestamp":"2025-07-22 16:00:58"}}
[2025-07-22 16:00:58] === 실시간 그림 저장 요청 종료 ===

[2025-07-22 16:00:58] === 실시간 그림 저장 요청 시작 ===
[2025-07-22 16:00:58] Raw input length: 16725
[2025-07-22 16:00:58] 입력 데이터: player_number=1, game_id=2, drawing_data_length=16674
[2025-07-22 16:00:58] 입력 검증 완료
[2025-07-22 16:00:58] 게임 존재 확인 쿼리 실행: game_id=2, result=1
[2025-07-22 16:00:58] 게임 상태 확인 완료: game_id=2
[2025-07-22 16:00:58] INSERT 쿼리 실행: result=true
[2025-07-22 16:00:58] 데이터베이스 저장 성공: inserted_id=22
[2025-07-22 16:00:58] 응답 준비 완료: {"success":true,"message":"\uc2e4\uc2dc\uac04 \uadf8\ub9bc \uc800\uc7a5 \uc644\ub8cc","data":{"id":"22","game_id":"2","player_number":1,"timestamp":"2025-07-22 16:00:58"}}
[2025-07-22 16:00:58] === 실시간 그림 저장 요청 종료 ===

[2025-07-22 16:00:59] === 실시간 그림 저장 요청 시작 ===
[2025-07-22 16:00:59] Raw input length: 16729
[2025-07-22 16:00:59] 입력 데이터: player_number=1, game_id=2, drawing_data_length=16678
[2025-07-22 16:00:59] 입력 검증 완료
[2025-07-22 16:00:59] 게임 존재 확인 쿼리 실행: game_id=2, result=1
[2025-07-22 16:00:59] 게임 상태 확인 완료: game_id=2
[2025-07-22 16:00:59] INSERT 쿼리 실행: result=true
[2025-07-22 16:00:59] 데이터베이스 저장 성공: inserted_id=23
[2025-07-22 16:00:59] 응답 준비 완료: {"success":true,"message":"\uc2e4\uc2dc\uac04 \uadf8\ub9bc \uc800\uc7a5 \uc644\ub8cc","data":{"id":"23","game_id":"2","player_number":1,"timestamp":"2025-07-22 16:00:59"}}
[2025-07-22 16:00:59] === 실시간 그림 저장 요청 종료 ===

[2025-07-22 16:07:49] === 실시간 그림 저장 요청 시작 ===
[2025-07-22 16:07:49] Raw input length: 12169
[2025-07-22 16:07:49] 입력 데이터: player_number=1, game_id=3, drawing_data_length=12118
[2025-07-22 16:07:49] 입력 검증 완료
[2025-07-22 16:07:49] 게임 존재 확인 쿼리 실행: game_id=3, result=1
[2025-07-22 16:07:49] 게임 상태 확인 완료: game_id=3
[2025-07-22 16:07:49] INSERT 쿼리 실행: result=true
[2025-07-22 16:07:49] 데이터베이스 저장 성공: inserted_id=24
[2025-07-22 16:07:49] 응답 준비 완료: {"success":true,"message":"\uc2e4\uc2dc\uac04 \uadf8\ub9bc \uc800\uc7a5 \uc644\ub8cc","data":{"id":"24","game_id":"3","player_number":1,"timestamp":"2025-07-22 16:07:49"}}
[2025-07-22 16:07:49] === 실시간 그림 저장 요청 종료 ===

[2025-07-22 16:07:50] === 실시간 그림 저장 요청 시작 ===
[2025-07-22 16:07:50] Raw input length: 13477
[2025-07-22 16:07:50] 입력 데이터: player_number=1, game_id=3, drawing_data_length=13426
[2025-07-22 16:07:50] 입력 검증 완료
[2025-07-22 16:07:50] 게임 존재 확인 쿼리 실행: game_id=3, result=1
[2025-07-22 16:07:50] 게임 상태 확인 완료: game_id=3
[2025-07-22 16:07:50] INSERT 쿼리 실행: result=true
[2025-07-22 16:07:50] 데이터베이스 저장 성공: inserted_id=25
[2025-07-22 16:07:50] 응답 준비 완료: {"success":true,"message":"\uc2e4\uc2dc\uac04 \uadf8\ub9bc \uc800\uc7a5 \uc644\ub8cc","data":{"id":"25","game_id":"3","player_number":1,"timestamp":"2025-07-22 16:07:50"}}
[2025-07-22 16:07:50] === 실시간 그림 저장 요청 종료 ===

[2025-07-22 16:07:50] === 실시간 그림 저장 요청 시작 ===
[2025-07-22 16:07:50] Raw input length: 16501
[2025-07-22 16:07:50] 입력 데이터: player_number=1, game_id=3, drawing_data_length=16450
[2025-07-22 16:07:50] 입력 검증 완료
[2025-07-22 16:07:50] 게임 존재 확인 쿼리 실행: game_id=3, result=1
[2025-07-22 16:07:50] 게임 상태 확인 완료: game_id=3
[2025-07-22 16:07:50] INSERT 쿼리 실행: result=true
[2025-07-22 16:07:50] 데이터베이스 저장 성공: inserted_id=26
[2025-07-22 16:07:50] 응답 준비 완료: {"success":true,"message":"\uc2e4\uc2dc\uac04 \uadf8\ub9bc \uc800\uc7a5 \uc644\ub8cc","data":{"id":"26","game_id":"3","player_number":1,"timestamp":"2025-07-22 16:07:50"}}
[2025-07-22 16:07:50] === 실시간 그림 저장 요청 종료 ===

[2025-07-22 16:07:51] === 실시간 그림 저장 요청 시작 ===
[2025-07-22 16:07:51] Raw input length: 19073
[2025-07-22 16:07:51] 입력 데이터: player_number=1, game_id=3, drawing_data_length=19022
[2025-07-22 16:07:51] 입력 검증 완료
[2025-07-22 16:07:51] 게임 존재 확인 쿼리 실행: game_id=3, result=1
[2025-07-22 16:07:51] 게임 상태 확인 완료: game_id=3
[2025-07-22 16:07:51] INSERT 쿼리 실행: result=true
[2025-07-22 16:07:51] 데이터베이스 저장 성공: inserted_id=27
[2025-07-22 16:07:51] 응답 준비 완료: {"success":true,"message":"\uc2e4\uc2dc\uac04 \uadf8\ub9bc \uc800\uc7a5 \uc644\ub8cc","data":{"id":"27","game_id":"3","player_number":1,"timestamp":"2025-07-22 16:07:51"}}
[2025-07-22 16:07:51] === 실시간 그림 저장 요청 종료 ===

[2025-07-22 16:07:51] === 실시간 그림 저장 요청 시작 ===
[2025-07-22 16:07:51] Raw input length: 21033
[2025-07-22 16:07:51] 입력 데이터: player_number=1, game_id=3, drawing_data_length=20982
[2025-07-22 16:07:51] 입력 검증 완료
[2025-07-22 16:07:51] 게임 존재 확인 쿼리 실행: game_id=3, result=1
[2025-07-22 16:07:51] 게임 상태 확인 완료: game_id=3
[2025-07-22 16:07:51] INSERT 쿼리 실행: result=true
[2025-07-22 16:07:51] 데이터베이스 저장 성공: inserted_id=28
[2025-07-22 16:07:51] 응답 준비 완료: {"success":true,"message":"\uc2e4\uc2dc\uac04 \uadf8\ub9bc \uc800\uc7a5 \uc644\ub8cc","data":{"id":"28","game_id":"3","player_number":1,"timestamp":"2025-07-22 16:07:51"}}
[2025-07-22 16:07:51] === 실시간 그림 저장 요청 종료 ===

[2025-07-22 16:07:52] === 실시간 그림 저장 요청 시작 ===
[2025-07-22 16:07:52] Raw input length: 22737
[2025-07-22 16:07:52] 입력 데이터: player_number=1, game_id=3, drawing_data_length=22686
[2025-07-22 16:07:52] 입력 검증 완료
[2025-07-22 16:07:52] 게임 존재 확인 쿼리 실행: game_id=3, result=1
[2025-07-22 16:07:52] 게임 상태 확인 완료: game_id=3
[2025-07-22 16:07:52] INSERT 쿼리 실행: result=true
[2025-07-22 16:07:52] 데이터베이스 저장 성공: inserted_id=29
[2025-07-22 16:07:52] 응답 준비 완료: {"success":true,"message":"\uc2e4\uc2dc\uac04 \uadf8\ub9bc \uc800\uc7a5 \uc644\ub8cc","data":{"id":"29","game_id":"3","player_number":1,"timestamp":"2025-07-22 16:07:52"}}
[2025-07-22 16:07:52] === 실시간 그림 저장 요청 종료 ===

[2025-07-22 16:07:52] === 실시간 그림 저장 요청 시작 ===
[2025-07-22 16:07:52] Raw input length: 23565
[2025-07-22 16:07:52] 입력 데이터: player_number=1, game_id=3, drawing_data_length=23514
[2025-07-22 16:07:52] 입력 검증 완료
[2025-07-22 16:07:52] 게임 존재 확인 쿼리 실행: game_id=3, result=1
[2025-07-22 16:07:52] 게임 상태 확인 완료: game_id=3
[2025-07-22 16:07:52] INSERT 쿼리 실행: result=true
[2025-07-22 16:07:52] 데이터베이스 저장 성공: inserted_id=30
[2025-07-22 16:07:52] 응답 준비 완료: {"success":true,"message":"\uc2e4\uc2dc\uac04 \uadf8\ub9bc \uc800\uc7a5 \uc644\ub8cc","data":{"id":"30","game_id":"3","player_number":1,"timestamp":"2025-07-22 16:07:52"}}
[2025-07-22 16:07:52] === 실시간 그림 저장 요청 종료 ===

[2025-07-22 16:07:53] === 실시간 그림 저장 요청 시작 ===
[2025-07-22 16:07:53] Raw input length: 28397
[2025-07-22 16:07:53] 입력 데이터: player_number=1, game_id=3, drawing_data_length=28346
[2025-07-22 16:07:53] 입력 검증 완료
[2025-07-22 16:07:53] 게임 존재 확인 쿼리 실행: game_id=3, result=1
[2025-07-22 16:07:53] 게임 상태 확인 완료: game_id=3
[2025-07-22 16:07:53] INSERT 쿼리 실행: result=true
[2025-07-22 16:07:53] 데이터베이스 저장 성공: inserted_id=31
[2025-07-22 16:07:53] 응답 준비 완료: {"success":true,"message":"\uc2e4\uc2dc\uac04 \uadf8\ub9bc \uc800\uc7a5 \uc644\ub8cc","data":{"id":"31","game_id":"3","player_number":1,"timestamp":"2025-07-22 16:07:53"}}
[2025-07-22 16:07:53] === 실시간 그림 저장 요청 종료 ===

[2025-07-22 16:07:53] === 실시간 그림 저장 요청 시작 ===
[2025-07-22 16:07:53] Raw input length: 33773
[2025-07-22 16:07:53] 입력 데이터: player_number=1, game_id=3, drawing_data_length=33722
[2025-07-22 16:07:53] 입력 검증 완료
[2025-07-22 16:07:53] 게임 존재 확인 쿼리 실행: game_id=3, result=1
[2025-07-22 16:07:53] 게임 상태 확인 완료: game_id=3
[2025-07-22 16:07:53] INSERT 쿼리 실행: result=true
[2025-07-22 16:07:53] 데이터베이스 저장 성공: inserted_id=32
[2025-07-22 16:07:53] 응답 준비 완료: {"success":true,"message":"\uc2e4\uc2dc\uac04 \uadf8\ub9bc \uc800\uc7a5 \uc644\ub8cc","data":{"id":"32","game_id":"3","player_number":1,"timestamp":"2025-07-22 16:07:53"}}
[2025-07-22 16:07:53] === 실시간 그림 저장 요청 종료 ===

[2025-07-22 16:07:54] === 실시간 그림 저장 요청 시작 ===
[2025-07-22 16:07:54] Raw input length: 36989
[2025-07-22 16:07:54] 입력 데이터: player_number=1, game_id=3, drawing_data_length=36938
[2025-07-22 16:07:54] 입력 검증 완료
[2025-07-22 16:07:54] 게임 존재 확인 쿼리 실행: game_id=3, result=1
[2025-07-22 16:07:54] 게임 상태 확인 완료: game_id=3
[2025-07-22 16:07:54] INSERT 쿼리 실행: result=true
[2025-07-22 16:07:54] 데이터베이스 저장 성공: inserted_id=33
[2025-07-22 16:07:54] 응답 준비 완료: {"success":true,"message":"\uc2e4\uc2dc\uac04 \uadf8\ub9bc \uc800\uc7a5 \uc644\ub8cc","data":{"id":"33","game_id":"3","player_number":1,"timestamp":"2025-07-22 16:07:54"}}
[2025-07-22 16:07:54] === 실시간 그림 저장 요청 종료 ===

[2025-07-22 16:07:54] === 실시간 그림 저장 요청 시작 ===
[2025-07-22 16:07:54] Raw input length: 40881
[2025-07-22 16:07:54] 입력 데이터: player_number=1, game_id=3, drawing_data_length=40830
[2025-07-22 16:07:54] 입력 검증 완료
[2025-07-22 16:07:54] 게임 존재 확인 쿼리 실행: game_id=3, result=1
[2025-07-22 16:07:54] 게임 상태 확인 완료: game_id=3
[2025-07-22 16:07:54] INSERT 쿼리 실행: result=true
[2025-07-22 16:07:54] 데이터베이스 저장 성공: inserted_id=34
[2025-07-22 16:07:54] 응답 준비 완료: {"success":true,"message":"\uc2e4\uc2dc\uac04 \uadf8\ub9bc \uc800\uc7a5 \uc644\ub8cc","data":{"id":"34","game_id":"3","player_number":1,"timestamp":"2025-07-22 16:07:54"}}
[2025-07-22 16:07:54] === 실시간 그림 저장 요청 종료 ===

[2025-07-22 16:07:55] === 실시간 그림 저장 요청 시작 ===
[2025-07-22 16:07:55] Raw input length: 44821
[2025-07-22 16:07:55] 입력 데이터: player_number=1, game_id=3, drawing_data_length=44770
[2025-07-22 16:07:55] 입력 검증 완료
[2025-07-22 16:07:55] 게임 존재 확인 쿼리 실행: game_id=3, result=1
[2025-07-22 16:07:55] 게임 상태 확인 완료: game_id=3
[2025-07-22 16:07:55] INSERT 쿼리 실행: result=true
[2025-07-22 16:07:55] 데이터베이스 저장 성공: inserted_id=35
[2025-07-22 16:07:55] 응답 준비 완료: {"success":true,"message":"\uc2e4\uc2dc\uac04 \uadf8\ub9bc \uc800\uc7a5 \uc644\ub8cc","data":{"id":"35","game_id":"3","player_number":1,"timestamp":"2025-07-22 16:07:55"}}
[2025-07-22 16:07:55] === 실시간 그림 저장 요청 종료 ===

[2025-07-22 16:45:33] === 실시간 그림 저장 요청 시작 ===
[2025-07-22 16:45:33] Raw input length: 6217
[2025-07-22 16:45:33] 입력 데이터: player_number=1, game_id=1, drawing_data_length=6166
[2025-07-22 16:45:33] 입력 검증 완료
[2025-07-22 16:45:33] 게임 존재 확인 쿼리 실행: game_id=1, result=1
[2025-07-22 16:45:33] 게임 상태 확인 완료: game_id=1
[2025-07-22 16:45:33] INSERT 쿼리 실행: result=true
[2025-07-22 16:45:33] 데이터베이스 저장 성공: inserted_id=1
[2025-07-22 16:45:33] 응답 준비 완료: {"success":true,"message":"\uc2e4\uc2dc\uac04 \uadf8\ub9bc \uc800\uc7a5 \uc644\ub8cc","data":{"id":"1","game_id":"1","player_number":1,"timestamp":"2025-07-22 16:45:33"}}
[2025-07-22 16:45:33] === 실시간 그림 저장 요청 종료 ===

[2025-07-22 16:45:33] === 실시간 그림 저장 요청 시작 ===
[2025-07-22 16:45:33] Raw input length: 8797
[2025-07-22 16:45:33] 입력 데이터: player_number=1, game_id=1, drawing_data_length=8746
[2025-07-22 16:45:33] 입력 검증 완료
[2025-07-22 16:45:33] 게임 존재 확인 쿼리 실행: game_id=1, result=1
[2025-07-22 16:45:33] 게임 상태 확인 완료: game_id=1
[2025-07-22 16:45:33] INSERT 쿼리 실행: result=true
[2025-07-22 16:45:33] 데이터베이스 저장 성공: inserted_id=2
[2025-07-22 16:45:33] 응답 준비 완료: {"success":true,"message":"\uc2e4\uc2dc\uac04 \uadf8\ub9bc \uc800\uc7a5 \uc644\ub8cc","data":{"id":"2","game_id":"1","player_number":1,"timestamp":"2025-07-22 16:45:33"}}
[2025-07-22 16:45:33] === 실시간 그림 저장 요청 종료 ===

[2025-07-22 16:45:34] === 실시간 그림 저장 요청 시작 ===
[2025-07-22 16:45:34] Raw input length: 10565
[2025-07-22 16:45:34] 입력 데이터: player_number=1, game_id=1, drawing_data_length=10514
[2025-07-22 16:45:34] 입력 검증 완료
[2025-07-22 16:45:34] 게임 존재 확인 쿼리 실행: game_id=1, result=1
[2025-07-22 16:45:34] 게임 상태 확인 완료: game_id=1
[2025-07-22 16:45:34] INSERT 쿼리 실행: result=true
[2025-07-22 16:45:34] 데이터베이스 저장 성공: inserted_id=3
[2025-07-22 16:45:34] 응답 준비 완료: {"success":true,"message":"\uc2e4\uc2dc\uac04 \uadf8\ub9bc \uc800\uc7a5 \uc644\ub8cc","data":{"id":"3","game_id":"1","player_number":1,"timestamp":"2025-07-22 16:45:34"}}
[2025-07-22 16:45:34] === 실시간 그림 저장 요청 종료 ===

[2025-07-22 16:45:34] === 실시간 그림 저장 요청 시작 ===
[2025-07-22 16:45:34] Raw input length: 11617
[2025-07-22 16:45:34] 입력 데이터: player_number=1, game_id=1, drawing_data_length=11566
[2025-07-22 16:45:34] 입력 검증 완료
[2025-07-22 16:45:34] 게임 존재 확인 쿼리 실행: game_id=1, result=1
[2025-07-22 16:45:34] 게임 상태 확인 완료: game_id=1
[2025-07-22 16:45:34] INSERT 쿼리 실행: result=true
[2025-07-22 16:45:34] 데이터베이스 저장 성공: inserted_id=4
[2025-07-22 16:45:34] 응답 준비 완료: {"success":true,"message":"\uc2e4\uc2dc\uac04 \uadf8\ub9bc \uc800\uc7a5 \uc644\ub8cc","data":{"id":"4","game_id":"1","player_number":1,"timestamp":"2025-07-22 16:45:34"}}
[2025-07-22 16:45:34] === 실시간 그림 저장 요청 종료 ===

[2025-07-22 16:45:35] === 실시간 그림 저장 요청 시작 ===
[2025-07-22 16:45:35] Raw input length: 13337
[2025-07-22 16:45:35] 입력 데이터: player_number=1, game_id=1, drawing_data_length=13286
[2025-07-22 16:45:35] 입력 검증 완료
[2025-07-22 16:45:35] 게임 존재 확인 쿼리 실행: game_id=1, result=1
[2025-07-22 16:45:35] 게임 상태 확인 완료: game_id=1
[2025-07-22 16:45:35] INSERT 쿼리 실행: result=true
[2025-07-22 16:45:35] 데이터베이스 저장 성공: inserted_id=5
[2025-07-22 16:45:35] 응답 준비 완료: {"success":true,"message":"\uc2e4\uc2dc\uac04 \uadf8\ub9bc \uc800\uc7a5 \uc644\ub8cc","data":{"id":"5","game_id":"1","player_number":1,"timestamp":"2025-07-22 16:45:35"}}
[2025-07-22 16:45:35] === 실시간 그림 저장 요청 종료 ===

[2025-07-22 16:45:35] === 실시간 그림 저장 요청 시작 ===
[2025-07-22 16:45:35] Raw input length: 14733
[2025-07-22 16:45:35] 입력 데이터: player_number=1, game_id=1, drawing_data_length=14682
[2025-07-22 16:45:35] 입력 검증 완료
[2025-07-22 16:45:35] 게임 존재 확인 쿼리 실행: game_id=1, result=1
[2025-07-22 16:45:35] 게임 상태 확인 완료: game_id=1
[2025-07-22 16:45:35] INSERT 쿼리 실행: result=true
[2025-07-22 16:45:35] 데이터베이스 저장 성공: inserted_id=6
[2025-07-22 16:45:35] 응답 준비 완료: {"success":true,"message":"\uc2e4\uc2dc\uac04 \uadf8\ub9bc \uc800\uc7a5 \uc644\ub8cc","data":{"id":"6","game_id":"1","player_number":1,"timestamp":"2025-07-22 16:45:35"}}
[2025-07-22 16:45:35] === 실시간 그림 저장 요청 종료 ===

[2025-07-22 16:45:36] === 실시간 그림 저장 요청 시작 ===
[2025-07-22 16:45:36] Raw input length: 15525
[2025-07-22 16:45:36] 입력 데이터: player_number=1, game_id=1, drawing_data_length=15474
[2025-07-22 16:45:36] 입력 검증 완료
[2025-07-22 16:45:36] 게임 존재 확인 쿼리 실행: game_id=1, result=1
[2025-07-22 16:45:36] 게임 상태 확인 완료: game_id=1
[2025-07-22 16:45:36] INSERT 쿼리 실행: result=true
[2025-07-22 16:45:36] 데이터베이스 저장 성공: inserted_id=7
[2025-07-22 16:45:36] 응답 준비 완료: {"success":true,"message":"\uc2e4\uc2dc\uac04 \uadf8\ub9bc \uc800\uc7a5 \uc644\ub8cc","data":{"id":"7","game_id":"1","player_number":1,"timestamp":"2025-07-22 16:45:36"}}
[2025-07-22 16:45:36] === 실시간 그림 저장 요청 종료 ===

[2025-07-22 16:45:36] === 실시간 그림 저장 요청 시작 ===
[2025-07-22 16:45:36] Raw input length: 16457
[2025-07-22 16:45:36] 입력 데이터: player_number=1, game_id=1, drawing_data_length=16406
[2025-07-22 16:45:36] 입력 검증 완료
[2025-07-22 16:45:36] 게임 존재 확인 쿼리 실행: game_id=1, result=1
[2025-07-22 16:45:36] 게임 상태 확인 완료: game_id=1
[2025-07-22 16:45:36] INSERT 쿼리 실행: result=true
[2025-07-22 16:45:36] 데이터베이스 저장 성공: inserted_id=8
[2025-07-22 16:45:36] 응답 준비 완료: {"success":true,"message":"\uc2e4\uc2dc\uac04 \uadf8\ub9bc \uc800\uc7a5 \uc644\ub8cc","data":{"id":"8","game_id":"1","player_number":1,"timestamp":"2025-07-22 16:45:36"}}
[2025-07-22 16:45:36] === 실시간 그림 저장 요청 종료 ===

[2025-07-22 16:45:37] === 실시간 그림 저장 요청 시작 ===
[2025-07-22 16:45:37] Raw input length: 17565
[2025-07-22 16:45:37] 입력 데이터: player_number=1, game_id=1, drawing_data_length=17514
[2025-07-22 16:45:37] 입력 검증 완료
[2025-07-22 16:45:37] 게임 존재 확인 쿼리 실행: game_id=1, result=1
[2025-07-22 16:45:37] 게임 상태 확인 완료: game_id=1
[2025-07-22 16:45:37] INSERT 쿼리 실행: result=true
[2025-07-22 16:45:37] 데이터베이스 저장 성공: inserted_id=9
[2025-07-22 16:45:37] 응답 준비 완료: {"success":true,"message":"\uc2e4\uc2dc\uac04 \uadf8\ub9bc \uc800\uc7a5 \uc644\ub8cc","data":{"id":"9","game_id":"1","player_number":1,"timestamp":"2025-07-22 16:45:37"}}
[2025-07-22 16:45:37] === 실시간 그림 저장 요청 종료 ===

[2025-07-22 16:45:37] === 실시간 그림 저장 요청 시작 ===
[2025-07-22 16:45:37] Raw input length: 17741
[2025-07-22 16:45:37] 입력 데이터: player_number=1, game_id=1, drawing_data_length=17690
[2025-07-22 16:45:37] 입력 검증 완료
[2025-07-22 16:45:37] 게임 존재 확인 쿼리 실행: game_id=1, result=1
[2025-07-22 16:45:37] 게임 상태 확인 완료: game_id=1
[2025-07-22 16:45:37] INSERT 쿼리 실행: result=true
[2025-07-22 16:45:37] 데이터베이스 저장 성공: inserted_id=10
[2025-07-22 16:45:37] 응답 준비 완료: {"success":true,"message":"\uc2e4\uc2dc\uac04 \uadf8\ub9bc \uc800\uc7a5 \uc644\ub8cc","data":{"id":"10","game_id":"1","player_number":1,"timestamp":"2025-07-22 16:45:37"}}
[2025-07-22 16:45:37] === 실시간 그림 저장 요청 종료 ===

[2025-07-22 16:45:38] === 실시간 그림 저장 요청 시작 ===
[2025-07-22 16:45:38] Raw input length: 18177
[2025-07-22 16:45:38] 입력 데이터: player_number=1, game_id=1, drawing_data_length=18126
[2025-07-22 16:45:38] 입력 검증 완료
[2025-07-22 16:45:38] 게임 존재 확인 쿼리 실행: game_id=1, result=1
[2025-07-22 16:45:38] 게임 상태 확인 완료: game_id=1
[2025-07-22 16:45:38] INSERT 쿼리 실행: result=true
[2025-07-22 16:45:38] 데이터베이스 저장 성공: inserted_id=11
[2025-07-22 16:45:38] 응답 준비 완료: {"success":true,"message":"\uc2e4\uc2dc\uac04 \uadf8\ub9bc \uc800\uc7a5 \uc644\ub8cc","data":{"id":"11","game_id":"1","player_number":1,"timestamp":"2025-07-22 16:45:38"}}
[2025-07-22 16:45:38] === 실시간 그림 저장 요청 종료 ===

[2025-07-22 16:45:38] === 실시간 그림 저장 요청 시작 ===
[2025-07-22 16:45:38] Raw input length: 21965
[2025-07-22 16:45:38] 입력 데이터: player_number=1, game_id=1, drawing_data_length=21914
[2025-07-22 16:45:38] 입력 검증 완료
[2025-07-22 16:45:38] 게임 존재 확인 쿼리 실행: game_id=1, result=1
[2025-07-22 16:45:38] 게임 상태 확인 완료: game_id=1
[2025-07-22 16:45:38] INSERT 쿼리 실행: result=true
[2025-07-22 16:45:38] 데이터베이스 저장 성공: inserted_id=12
[2025-07-22 16:45:38] 응답 준비 완료: {"success":true,"message":"\uc2e4\uc2dc\uac04 \uadf8\ub9bc \uc800\uc7a5 \uc644\ub8cc","data":{"id":"12","game_id":"1","player_number":1,"timestamp":"2025-07-22 16:45:38"}}
[2025-07-22 16:45:38] === 실시간 그림 저장 요청 종료 ===

[2025-07-22 16:45:39] === 실시간 그림 저장 요청 시작 ===
[2025-07-22 16:45:39] Raw input length: 24929
[2025-07-22 16:45:39] 입력 데이터: player_number=1, game_id=1, drawing_data_length=24878
[2025-07-22 16:45:39] 입력 검증 완료
[2025-07-22 16:45:39] 게임 존재 확인 쿼리 실행: game_id=1, result=1
[2025-07-22 16:45:39] 게임 상태 확인 완료: game_id=1
[2025-07-22 16:45:39] INSERT 쿼리 실행: result=true
[2025-07-22 16:45:39] 데이터베이스 저장 성공: inserted_id=13
[2025-07-22 16:45:39] 응답 준비 완료: {"success":true,"message":"\uc2e4\uc2dc\uac04 \uadf8\ub9bc \uc800\uc7a5 \uc644\ub8cc","data":{"id":"13","game_id":"1","player_number":1,"timestamp":"2025-07-22 16:45:39"}}
[2025-07-22 16:45:39] === 실시간 그림 저장 요청 종료 ===

[2025-07-22 16:45:39] === 실시간 그림 저장 요청 시작 ===
[2025-07-22 16:45:39] Raw input length: 26261
[2025-07-22 16:45:39] 입력 데이터: player_number=1, game_id=1, drawing_data_length=26210
[2025-07-22 16:45:39] 입력 검증 완료
[2025-07-22 16:45:39] 게임 존재 확인 쿼리 실행: game_id=1, result=1
[2025-07-22 16:45:39] 게임 상태 확인 완료: game_id=1
[2025-07-22 16:45:39] INSERT 쿼리 실행: result=true
[2025-07-22 16:45:39] 데이터베이스 저장 성공: inserted_id=14
[2025-07-22 16:45:39] 응답 준비 완료: {"success":true,"message":"\uc2e4\uc2dc\uac04 \uadf8\ub9bc \uc800\uc7a5 \uc644\ub8cc","data":{"id":"14","game_id":"1","player_number":1,"timestamp":"2025-07-22 16:45:39"}}
[2025-07-22 16:45:39] === 실시간 그림 저장 요청 종료 ===

[2025-07-22 16:45:40] === 실시간 그림 저장 요청 시작 ===
[2025-07-22 16:45:40] Raw input length: 29973
[2025-07-22 16:45:40] 입력 데이터: player_number=1, game_id=1, drawing_data_length=29922
[2025-07-22 16:45:40] 입력 검증 완료
[2025-07-22 16:45:40] 게임 존재 확인 쿼리 실행: game_id=1, result=1
[2025-07-22 16:45:40] 게임 상태 확인 완료: game_id=1
[2025-07-22 16:45:40] INSERT 쿼리 실행: result=true
[2025-07-22 16:45:40] 데이터베이스 저장 성공: inserted_id=15
[2025-07-22 16:45:40] 응답 준비 완료: {"success":true,"message":"\uc2e4\uc2dc\uac04 \uadf8\ub9bc \uc800\uc7a5 \uc644\ub8cc","data":{"id":"15","game_id":"1","player_number":1,"timestamp":"2025-07-22 16:45:40"}}
[2025-07-22 16:45:40] === 실시간 그림 저장 요청 종료 ===

[2025-07-22 16:45:40] === 실시간 그림 저장 요청 시작 ===
[2025-07-22 16:45:40] Raw input length: 30701
[2025-07-22 16:45:40] 입력 데이터: player_number=1, game_id=1, drawing_data_length=30650
[2025-07-22 16:45:40] 입력 검증 완료
[2025-07-22 16:45:40] 게임 존재 확인 쿼리 실행: game_id=1, result=1
[2025-07-22 16:45:40] 게임 상태 확인 완료: game_id=1
[2025-07-22 16:45:40] INSERT 쿼리 실행: result=true
[2025-07-22 16:45:40] 데이터베이스 저장 성공: inserted_id=16
[2025-07-22 16:45:40] 응답 준비 완료: {"success":true,"message":"\uc2e4\uc2dc\uac04 \uadf8\ub9bc \uc800\uc7a5 \uc644\ub8cc","data":{"id":"16","game_id":"1","player_number":1,"timestamp":"2025-07-22 16:45:40"}}
[2025-07-22 16:45:40] === 실시간 그림 저장 요청 종료 ===

[2025-07-22 16:45:41] === 실시간 그림 저장 요청 시작 ===
[2025-07-22 16:45:41] Raw input length: 33913
[2025-07-22 16:45:41] 입력 데이터: player_number=1, game_id=1, drawing_data_length=33862
[2025-07-22 16:45:41] 입력 검증 완료
[2025-07-22 16:45:41] 게임 존재 확인 쿼리 실행: game_id=1, result=1
[2025-07-22 16:45:41] 게임 상태 확인 완료: game_id=1
[2025-07-22 16:45:41] INSERT 쿼리 실행: result=true
[2025-07-22 16:45:41] 데이터베이스 저장 성공: inserted_id=17
[2025-07-22 16:45:41] 응답 준비 완료: {"success":true,"message":"\uc2e4\uc2dc\uac04 \uadf8\ub9bc \uc800\uc7a5 \uc644\ub8cc","data":{"id":"17","game_id":"1","player_number":1,"timestamp":"2025-07-22 16:45:41"}}
[2025-07-22 16:45:41] === 실시간 그림 저장 요청 종료 ===

[2025-07-22 16:45:41] === 실시간 그림 저장 요청 시작 ===
[2025-07-22 16:45:41] Raw input length: 35961
[2025-07-22 16:45:41] 입력 데이터: player_number=1, game_id=1, drawing_data_length=35910
[2025-07-22 16:45:41] 입력 검증 완료
[2025-07-22 16:45:41] 게임 존재 확인 쿼리 실행: game_id=1, result=1
[2025-07-22 16:45:41] 게임 상태 확인 완료: game_id=1
[2025-07-22 16:45:41] INSERT 쿼리 실행: result=true
[2025-07-22 16:45:41] 데이터베이스 저장 성공: inserted_id=18
[2025-07-22 16:45:41] 응답 준비 완료: {"success":true,"message":"\uc2e4\uc2dc\uac04 \uadf8\ub9bc \uc800\uc7a5 \uc644\ub8cc","data":{"id":"18","game_id":"1","player_number":1,"timestamp":"2025-07-22 16:45:41"}}
[2025-07-22 16:45:41] === 실시간 그림 저장 요청 종료 ===

[2025-07-22 16:47:06] === 실시간 그림 저장 요청 시작 ===
[2025-07-22 16:47:06] Raw input length: 7089
[2025-07-22 16:47:06] 입력 데이터: player_number=1, game_id=1, drawing_data_length=7038
[2025-07-22 16:47:06] 입력 검증 완료
[2025-07-22 16:47:06] 게임 존재 확인 쿼리 실행: game_id=1, result=1
[2025-07-22 16:47:06] 게임 상태 확인 완료: game_id=1
[2025-07-22 16:47:06] INSERT 쿼리 실행: result=true
[2025-07-22 16:47:06] 데이터베이스 저장 성공: inserted_id=1
[2025-07-22 16:47:06] 응답 준비 완료: {"success":true,"message":"\uc2e4\uc2dc\uac04 \uadf8\ub9bc \uc800\uc7a5 \uc644\ub8cc","data":{"id":"1","game_id":"1","player_number":1,"timestamp":"2025-07-22 16:47:06"}}
[2025-07-22 16:47:06] === 실시간 그림 저장 요청 종료 ===

[2025-07-22 16:47:06] === 실시간 그림 저장 요청 시작 ===
[2025-07-22 16:47:06] Raw input length: 8817
[2025-07-22 16:47:06] 입력 데이터: player_number=1, game_id=1, drawing_data_length=8766
[2025-07-22 16:47:06] 입력 검증 완료
[2025-07-22 16:47:06] 게임 존재 확인 쿼리 실행: game_id=1, result=1
[2025-07-22 16:47:06] 게임 상태 확인 완료: game_id=1
[2025-07-22 16:47:06] INSERT 쿼리 실행: result=true
[2025-07-22 16:47:06] 데이터베이스 저장 성공: inserted_id=2
[2025-07-22 16:47:06] 응답 준비 완료: {"success":true,"message":"\uc2e4\uc2dc\uac04 \uadf8\ub9bc \uc800\uc7a5 \uc644\ub8cc","data":{"id":"2","game_id":"1","player_number":1,"timestamp":"2025-07-22 16:47:06"}}
[2025-07-22 16:47:06] === 실시간 그림 저장 요청 종료 ===

[2025-07-22 16:47:06] === 실시간 그림 저장 요청 시작 ===
[2025-07-22 16:47:06] Raw input length: 11265
[2025-07-22 16:47:06] 입력 데이터: player_number=1, game_id=1, drawing_data_length=11214
[2025-07-22 16:47:06] 입력 검증 완료
[2025-07-22 16:47:06] 게임 존재 확인 쿼리 실행: game_id=1, result=1
[2025-07-22 16:47:06] 게임 상태 확인 완료: game_id=1
[2025-07-22 16:47:06] INSERT 쿼리 실행: result=true
[2025-07-22 16:47:06] 데이터베이스 저장 성공: inserted_id=3
[2025-07-22 16:47:06] 응답 준비 완료: {"success":true,"message":"\uc2e4\uc2dc\uac04 \uadf8\ub9bc \uc800\uc7a5 \uc644\ub8cc","data":{"id":"3","game_id":"1","player_number":1,"timestamp":"2025-07-22 16:47:06"}}
[2025-07-22 16:47:06] === 실시간 그림 저장 요청 종료 ===

[2025-07-22 16:47:07] === 실시간 그림 저장 요청 시작 ===
[2025-07-22 16:47:07] Raw input length: 11369
[2025-07-22 16:47:07] 입력 데이터: player_number=1, game_id=1, drawing_data_length=11318
[2025-07-22 16:47:07] 입력 검증 완료
[2025-07-22 16:47:07] 게임 존재 확인 쿼리 실행: game_id=1, result=1
[2025-07-22 16:47:07] 게임 상태 확인 완료: game_id=1
[2025-07-22 16:47:07] INSERT 쿼리 실행: result=true
[2025-07-22 16:47:07] 데이터베이스 저장 성공: inserted_id=4
[2025-07-22 16:47:07] 응답 준비 완료: {"success":true,"message":"\uc2e4\uc2dc\uac04 \uadf8\ub9bc \uc800\uc7a5 \uc644\ub8cc","data":{"id":"4","game_id":"1","player_number":1,"timestamp":"2025-07-22 16:47:07"}}
[2025-07-22 16:47:07] === 실시간 그림 저장 요청 종료 ===

[2025-07-22 16:47:07] === 실시간 그림 저장 요청 시작 ===
[2025-07-22 16:47:07] Raw input length: 12773
[2025-07-22 16:47:07] 입력 데이터: player_number=1, game_id=1, drawing_data_length=12722
[2025-07-22 16:47:07] 입력 검증 완료
[2025-07-22 16:47:07] 게임 존재 확인 쿼리 실행: game_id=1, result=1
[2025-07-22 16:47:07] 게임 상태 확인 완료: game_id=1
[2025-07-22 16:47:07] INSERT 쿼리 실행: result=true
[2025-07-22 16:47:07] 데이터베이스 저장 성공: inserted_id=5
[2025-07-22 16:47:07] 응답 준비 완료: {"success":true,"message":"\uc2e4\uc2dc\uac04 \uadf8\ub9bc \uc800\uc7a5 \uc644\ub8cc","data":{"id":"5","game_id":"1","player_number":1,"timestamp":"2025-07-22 16:47:07"}}
[2025-07-22 16:47:07] === 실시간 그림 저장 요청 종료 ===

[2025-07-22 16:47:08] === 실시간 그림 저장 요청 시작 ===
[2025-07-22 16:47:08] Raw input length: 14757
[2025-07-22 16:47:08] 입력 데이터: player_number=1, game_id=1, drawing_data_length=14706
[2025-07-22 16:47:08] 입력 검증 완료
[2025-07-22 16:47:08] 게임 존재 확인 쿼리 실행: game_id=1, result=1
[2025-07-22 16:47:08] 게임 상태 확인 완료: game_id=1
[2025-07-22 16:47:08] INSERT 쿼리 실행: result=true
[2025-07-22 16:47:08] 데이터베이스 저장 성공: inserted_id=6
[2025-07-22 16:47:08] 응답 준비 완료: {"success":true,"message":"\uc2e4\uc2dc\uac04 \uadf8\ub9bc \uc800\uc7a5 \uc644\ub8cc","data":{"id":"6","game_id":"1","player_number":1,"timestamp":"2025-07-22 16:47:08"}}
[2025-07-22 16:47:08] === 실시간 그림 저장 요청 종료 ===

[2025-07-22 16:47:08] === 실시간 그림 저장 요청 시작 ===
[2025-07-22 16:47:08] Raw input length: 16693
[2025-07-22 16:47:08] 입력 데이터: player_number=1, game_id=1, drawing_data_length=16642
[2025-07-22 16:47:08] 입력 검증 완료
[2025-07-22 16:47:08] 게임 존재 확인 쿼리 실행: game_id=1, result=1
[2025-07-22 16:47:08] 게임 상태 확인 완료: game_id=1
[2025-07-22 16:47:08] INSERT 쿼리 실행: result=true
[2025-07-22 16:47:08] 데이터베이스 저장 성공: inserted_id=7
[2025-07-22 16:47:08] 응답 준비 완료: {"success":true,"message":"\uc2e4\uc2dc\uac04 \uadf8\ub9bc \uc800\uc7a5 \uc644\ub8cc","data":{"id":"7","game_id":"1","player_number":1,"timestamp":"2025-07-22 16:47:08"}}
[2025-07-22 16:47:08] === 실시간 그림 저장 요청 종료 ===

[2025-07-22 16:47:09] === 실시간 그림 저장 요청 시작 ===
[2025-07-22 16:47:09] Raw input length: 18357
[2025-07-22 16:47:09] 입력 데이터: player_number=1, game_id=1, drawing_data_length=18306
[2025-07-22 16:47:09] 입력 검증 완료
[2025-07-22 16:47:09] 게임 존재 확인 쿼리 실행: game_id=1, result=1
[2025-07-22 16:47:09] 게임 상태 확인 완료: game_id=1
[2025-07-22 16:47:09] INSERT 쿼리 실행: result=true
[2025-07-22 16:47:09] 데이터베이스 저장 성공: inserted_id=8
[2025-07-22 16:47:09] 응답 준비 완료: {"success":true,"message":"\uc2e4\uc2dc\uac04 \uadf8\ub9bc \uc800\uc7a5 \uc644\ub8cc","data":{"id":"8","game_id":"1","player_number":1,"timestamp":"2025-07-22 16:47:09"}}
[2025-07-22 16:47:09] === 실시간 그림 저장 요청 종료 ===

[2025-07-22 16:47:09] === 실시간 그림 저장 요청 시작 ===
[2025-07-22 16:47:09] Raw input length: 18469
[2025-07-22 16:47:09] 입력 데이터: player_number=1, game_id=1, drawing_data_length=18418
[2025-07-22 16:47:09] 입력 검증 완료
[2025-07-22 16:47:09] 게임 존재 확인 쿼리 실행: game_id=1, result=1
[2025-07-22 16:47:09] 게임 상태 확인 완료: game_id=1
[2025-07-22 16:47:09] INSERT 쿼리 실행: result=true
[2025-07-22 16:47:09] 데이터베이스 저장 성공: inserted_id=9
[2025-07-22 16:47:09] 응답 준비 완료: {"success":true,"message":"\uc2e4\uc2dc\uac04 \uadf8\ub9bc \uc800\uc7a5 \uc644\ub8cc","data":{"id":"9","game_id":"1","player_number":1,"timestamp":"2025-07-22 16:47:09"}}
[2025-07-22 16:47:09] === 실시간 그림 저장 요청 종료 ===

[2025-07-22 16:48:11] === 실시간 그림 저장 요청 시작 ===
[2025-07-22 16:48:11] Raw input length: 6133
[2025-07-22 16:48:11] 입력 데이터: player_number=1, game_id=1, drawing_data_length=6082
[2025-07-22 16:48:11] 입력 검증 완료
[2025-07-22 16:48:11] 게임 존재 확인 쿼리 실행: game_id=1, result=1
[2025-07-22 16:48:11] 게임 상태 확인 완료: game_id=1
[2025-07-22 16:48:11] INSERT 쿼리 실행: result=true
[2025-07-22 16:48:11] 데이터베이스 저장 성공: inserted_id=1
[2025-07-22 16:48:11] 응답 준비 완료: {"success":true,"message":"\uc2e4\uc2dc\uac04 \uadf8\ub9bc \uc800\uc7a5 \uc644\ub8cc","data":{"id":"1","game_id":"1","player_number":1,"timestamp":"2025-07-22 16:48:11"}}
[2025-07-22 16:48:11] === 실시간 그림 저장 요청 종료 ===

[2025-07-22 16:48:11] === 실시간 그림 저장 요청 시작 ===
[2025-07-22 16:48:11] Raw input length: 9137
[2025-07-22 16:48:11] 입력 데이터: player_number=1, game_id=1, drawing_data_length=9086
[2025-07-22 16:48:11] 입력 검증 완료
[2025-07-22 16:48:11] 게임 존재 확인 쿼리 실행: game_id=1, result=1
[2025-07-22 16:48:11] 게임 상태 확인 완료: game_id=1
[2025-07-22 16:48:12] INSERT 쿼리 실행: result=true
[2025-07-22 16:48:12] 데이터베이스 저장 성공: inserted_id=2
[2025-07-22 16:48:12] 응답 준비 완료: {"success":true,"message":"\uc2e4\uc2dc\uac04 \uadf8\ub9bc \uc800\uc7a5 \uc644\ub8cc","data":{"id":"2","game_id":"1","player_number":1,"timestamp":"2025-07-22 16:48:12"}}
[2025-07-22 16:48:12] === 실시간 그림 저장 요청 종료 ===

[2025-07-22 16:48:12] === 실시간 그림 저장 요청 시작 ===
[2025-07-22 16:48:12] Raw input length: 10533
[2025-07-22 16:48:12] 입력 데이터: player_number=1, game_id=1, drawing_data_length=10482
[2025-07-22 16:48:12] 입력 검증 완료
[2025-07-22 16:48:12] 게임 존재 확인 쿼리 실행: game_id=1, result=1
[2025-07-22 16:48:12] 게임 상태 확인 완료: game_id=1
[2025-07-22 16:48:12] INSERT 쿼리 실행: result=true
[2025-07-22 16:48:12] 데이터베이스 저장 성공: inserted_id=3
[2025-07-22 16:48:12] 응답 준비 완료: {"success":true,"message":"\uc2e4\uc2dc\uac04 \uadf8\ub9bc \uc800\uc7a5 \uc644\ub8cc","data":{"id":"3","game_id":"1","player_number":1,"timestamp":"2025-07-22 16:48:12"}}
[2025-07-22 16:48:12] === 실시간 그림 저장 요청 종료 ===

[2025-07-22 16:48:12] === 실시간 그림 저장 요청 시작 ===
[2025-07-22 16:48:12] Raw input length: 11781
[2025-07-22 16:48:12] 입력 데이터: player_number=1, game_id=1, drawing_data_length=11730
[2025-07-22 16:48:12] 입력 검증 완료
[2025-07-22 16:48:12] 게임 존재 확인 쿼리 실행: game_id=1, result=1
[2025-07-22 16:48:12] 게임 상태 확인 완료: game_id=1
[2025-07-22 16:48:12] INSERT 쿼리 실행: result=true
[2025-07-22 16:48:12] 데이터베이스 저장 성공: inserted_id=4
[2025-07-22 16:48:12] 응답 준비 완료: {"success":true,"message":"\uc2e4\uc2dc\uac04 \uadf8\ub9bc \uc800\uc7a5 \uc644\ub8cc","data":{"id":"4","game_id":"1","player_number":1,"timestamp":"2025-07-22 16:48:12"}}
[2025-07-22 16:48:12] === 실시간 그림 저장 요청 종료 ===

[2025-07-22 16:48:13] === 실시간 그림 저장 요청 시작 ===
[2025-07-22 16:48:13] Raw input length: 12685
[2025-07-22 16:48:13] 입력 데이터: player_number=1, game_id=1, drawing_data_length=12634
[2025-07-22 16:48:13] 입력 검증 완료
[2025-07-22 16:48:13] 게임 존재 확인 쿼리 실행: game_id=1, result=1
[2025-07-22 16:48:13] 게임 상태 확인 완료: game_id=1
[2025-07-22 16:48:13] INSERT 쿼리 실행: result=true
[2025-07-22 16:48:13] 데이터베이스 저장 성공: inserted_id=5
[2025-07-22 16:48:13] 응답 준비 완료: {"success":true,"message":"\uc2e4\uc2dc\uac04 \uadf8\ub9bc \uc800\uc7a5 \uc644\ub8cc","data":{"id":"5","game_id":"1","player_number":1,"timestamp":"2025-07-22 16:48:13"}}
[2025-07-22 16:48:13] === 실시간 그림 저장 요청 종료 ===

[2025-07-22 16:48:14] === 실시간 그림 저장 요청 시작 ===
[2025-07-22 16:48:14] Raw input length: 13241
[2025-07-22 16:48:14] 입력 데이터: player_number=1, game_id=1, drawing_data_length=13190
[2025-07-22 16:48:14] 입력 검증 완료
[2025-07-22 16:48:14] 게임 존재 확인 쿼리 실행: game_id=1, result=1
[2025-07-22 16:48:14] 게임 상태 확인 완료: game_id=1
[2025-07-22 16:48:14] INSERT 쿼리 실행: result=true
[2025-07-22 16:48:14] 데이터베이스 저장 성공: inserted_id=6
[2025-07-22 16:48:14] 응답 준비 완료: {"success":true,"message":"\uc2e4\uc2dc\uac04 \uadf8\ub9bc \uc800\uc7a5 \uc644\ub8cc","data":{"id":"6","game_id":"1","player_number":1,"timestamp":"2025-07-22 16:48:14"}}
[2025-07-22 16:48:14] === 실시간 그림 저장 요청 종료 ===

[2025-07-22 16:48:14] === 실시간 그림 저장 요청 시작 ===
[2025-07-22 16:48:14] Raw input length: 14569
[2025-07-22 16:48:14] 입력 데이터: player_number=1, game_id=1, drawing_data_length=14518
[2025-07-22 16:48:14] 입력 검증 완료
[2025-07-22 16:48:14] 게임 존재 확인 쿼리 실행: game_id=1, result=1
[2025-07-22 16:48:14] 게임 상태 확인 완료: game_id=1
[2025-07-22 16:48:14] INSERT 쿼리 실행: result=true
[2025-07-22 16:48:14] 데이터베이스 저장 성공: inserted_id=7
[2025-07-22 16:48:14] 응답 준비 완료: {"success":true,"message":"\uc2e4\uc2dc\uac04 \uadf8\ub9bc \uc800\uc7a5 \uc644\ub8cc","data":{"id":"7","game_id":"1","player_number":1,"timestamp":"2025-07-22 16:48:14"}}
[2025-07-22 16:48:14] === 실시간 그림 저장 요청 종료 ===

[2025-07-22 16:48:15] === 실시간 그림 저장 요청 시작 ===
[2025-07-22 16:48:15] Raw input length: 14933
[2025-07-22 16:48:15] 입력 데이터: player_number=1, game_id=1, drawing_data_length=14882
[2025-07-22 16:48:15] 입력 검증 완료
[2025-07-22 16:48:15] 게임 존재 확인 쿼리 실행: game_id=1, result=1
[2025-07-22 16:48:15] 게임 상태 확인 완료: game_id=1
[2025-07-22 16:48:15] INSERT 쿼리 실행: result=true
[2025-07-22 16:48:15] 데이터베이스 저장 성공: inserted_id=8
[2025-07-22 16:48:15] 응답 준비 완료: {"success":true,"message":"\uc2e4\uc2dc\uac04 \uadf8\ub9bc \uc800\uc7a5 \uc644\ub8cc","data":{"id":"8","game_id":"1","player_number":1,"timestamp":"2025-07-22 16:48:15"}}
[2025-07-22 16:48:15] === 실시간 그림 저장 요청 종료 ===

[2025-07-22 16:48:15] === 실시간 그림 저장 요청 시작 ===
[2025-07-22 16:48:15] Raw input length: 16485
[2025-07-22 16:48:15] 입력 데이터: player_number=1, game_id=1, drawing_data_length=16434
[2025-07-22 16:48:15] 입력 검증 완료
[2025-07-22 16:48:15] 게임 존재 확인 쿼리 실행: game_id=1, result=1
[2025-07-22 16:48:15] 게임 상태 확인 완료: game_id=1
[2025-07-22 16:48:15] INSERT 쿼리 실행: result=true
[2025-07-22 16:48:15] 데이터베이스 저장 성공: inserted_id=9
[2025-07-22 16:48:15] 응답 준비 완료: {"success":true,"message":"\uc2e4\uc2dc\uac04 \uadf8\ub9bc \uc800\uc7a5 \uc644\ub8cc","data":{"id":"9","game_id":"1","player_number":1,"timestamp":"2025-07-22 16:48:15"}}
[2025-07-22 16:48:15] === 실시간 그림 저장 요청 종료 ===

[2025-07-22 16:48:16] === 실시간 그림 저장 요청 시작 ===
[2025-07-22 16:48:16] Raw input length: 18109
[2025-07-22 16:48:16] 입력 데이터: player_number=1, game_id=1, drawing_data_length=18058
[2025-07-22 16:48:16] 입력 검증 완료
[2025-07-22 16:48:16] 게임 존재 확인 쿼리 실행: game_id=1, result=1
[2025-07-22 16:48:16] 게임 상태 확인 완료: game_id=1
[2025-07-22 16:48:16] INSERT 쿼리 실행: result=true
[2025-07-22 16:48:16] 데이터베이스 저장 성공: inserted_id=10
[2025-07-22 16:48:16] 응답 준비 완료: {"success":true,"message":"\uc2e4\uc2dc\uac04 \uadf8\ub9bc \uc800\uc7a5 \uc644\ub8cc","data":{"id":"10","game_id":"1","player_number":1,"timestamp":"2025-07-22 16:48:16"}}
[2025-07-22 16:48:16] === 실시간 그림 저장 요청 종료 ===

[2025-07-22 16:48:16] === 실시간 그림 저장 요청 시작 ===
[2025-07-22 16:48:16] Raw input length: 18741
[2025-07-22 16:48:16] 입력 데이터: player_number=1, game_id=1, drawing_data_length=18690
[2025-07-22 16:48:16] 입력 검증 완료
[2025-07-22 16:48:16] 게임 존재 확인 쿼리 실행: game_id=1, result=1
[2025-07-22 16:48:16] 게임 상태 확인 완료: game_id=1
[2025-07-22 16:48:16] INSERT 쿼리 실행: result=true
[2025-07-22 16:48:16] 데이터베이스 저장 성공: inserted_id=11
[2025-07-22 16:48:16] 응답 준비 완료: {"success":true,"message":"\uc2e4\uc2dc\uac04 \uadf8\ub9bc \uc800\uc7a5 \uc644\ub8cc","data":{"id":"11","game_id":"1","player_number":1,"timestamp":"2025-07-22 16:48:16"}}
[2025-07-22 16:48:16] === 실시간 그림 저장 요청 종료 ===

[2025-07-22 16:48:17] === 실시간 그림 저장 요청 시작 ===
[2025-07-22 16:48:17] Raw input length: 19593
[2025-07-22 16:48:17] 입력 데이터: player_number=1, game_id=1, drawing_data_length=19542
[2025-07-22 16:48:17] 입력 검증 완료
[2025-07-22 16:48:17] 게임 존재 확인 쿼리 실행: game_id=1, result=1
[2025-07-22 16:48:17] 게임 상태 확인 완료: game_id=1
[2025-07-22 16:48:17] INSERT 쿼리 실행: result=true
[2025-07-22 16:48:17] 데이터베이스 저장 성공: inserted_id=12
[2025-07-22 16:48:17] 응답 준비 완료: {"success":true,"message":"\uc2e4\uc2dc\uac04 \uadf8\ub9bc \uc800\uc7a5 \uc644\ub8cc","data":{"id":"12","game_id":"1","player_number":1,"timestamp":"2025-07-22 16:48:17"}}
[2025-07-22 16:48:17] === 실시간 그림 저장 요청 종료 ===

[2025-07-22 16:48:17] === 실시간 그림 저장 요청 시작 ===
[2025-07-22 16:48:17] Raw input length: 19693
[2025-07-22 16:48:17] 입력 데이터: player_number=1, game_id=1, drawing_data_length=19642
[2025-07-22 16:48:17] 입력 검증 완료
[2025-07-22 16:48:17] 게임 존재 확인 쿼리 실행: game_id=1, result=1
[2025-07-22 16:48:17] 게임 상태 확인 완료: game_id=1
[2025-07-22 16:48:17] INSERT 쿼리 실행: result=true
[2025-07-22 16:48:17] 데이터베이스 저장 성공: inserted_id=13
[2025-07-22 16:48:17] 응답 준비 완료: {"success":true,"message":"\uc2e4\uc2dc\uac04 \uadf8\ub9bc \uc800\uc7a5 \uc644\ub8cc","data":{"id":"13","game_id":"1","player_number":1,"timestamp":"2025-07-22 16:48:17"}}
[2025-07-22 16:48:17] === 실시간 그림 저장 요청 종료 ===

